<?xml version="1.0" encoding="UTF-8"?>
<!-- Generated by org.testng.reporters.JUnitReportReporter -->
<testsuite hostname="Jitenders-MacBook-Air.local" name="com.grofers.customerapp.address.AddHomeAddress" tests="1" failures="0" timestamp="26 Jul 2016 07:09:44 GMT" time="0.931" errors="0">
  <testcase name="add_address" time="0.931" classname="com.grofers.customerapp.address.AddHomeAddress"/>
</testsuite> <!-- com.grofers.customerapp.address.AddHomeAddress -->
